назад с башмака назад башмака >> 0.3333333333333333
прекратить зарядку тормозной магистрали зарядку тормозной магистрали >> 0.75
осадить на двадцать восемь вагонов осадить на двадцать восемь вагонов >> 0.0
зарядка тормозной магистрали зарядка тормозной магистрали >> 0.0
вышел из межвагонного пространства вышел вагонов пространство >> 0.5
протянуть на шестнадцать вагонов протянуть на шестнадцать вагонов >> 0.0
вышел из межвагонного пространства вышел из вагонов пространства >> 0.25
вперед на башмак на башмак >> 0.6666666666666666
осадить на восемь вагонов осадить на восемь вагонов >> 0.0
осадить на четыре вагона осадить на четыре вагона >> 0.0
осадить на двадцать шесть вагонов осадить на шесть вагонов >> 0.4
вперед с башмака башмака >> 0.3333333333333333
остановка остановка >> 0.0
протянуть на восемь вагонов протянуть на восемь вагонов >> 0.0
протянуть на четыре вагона протянуть на четыре вагона >> 0.0
протянуть на семнадцать вагонов протянуть на семнадцать вагонов >> 0.0
остановка остановка >> 0.0
отцепка отказ >> 1.0
осадить на три вагона осадить на три вагона >> 0.0
протянуть на семь вагонов протянуть на семь >> 0.0
протянуть на шестнадцать вагонов протянуть на шестнадцать вагонов >> 0.0
отказ отказ >> 0.0
зарядка тормозной магистрали зарядку тормозной магистрали >> 0.0
осадить на двадцать четыре вагона четыре вагона >> 0.4
вышел из межвагонного пространства вышел пространство >> 0.25
вперед с башмака башмака >> 0.3333333333333333
растянуть автосцепки растянуть >> 0.0
осадить на один вагон осадить на один вагон >> 0.0
продолжаем роспуск  >> 0.0
осадить на одиннадцать вагонов осадить на одиннадцать вагонов >> 0.0
протянуть на восемь вагонов протянуть на восемь вагонов >> 0.0
отцепка  >> 0.0
отцепка зарядка >> 1.0
захожу в межвагонное пространство захожу вагон пространства >> 0.5
осадить на двадцать шесть вагонов осадить на двадцать шесть вагонов >> 0.0
тормозить тормозной >> 1.0
отмена отмена >> 0.0
осадить на девятнадцать вагонов осадить на девятнадцать вагонов >> 0.0
осадить на девять вагонов осадить на девять вагонов >> 0.0
отмена отмена >> 0.0
захожу в межвагонное пространство захожу башмак на пространства >> 0.5
отцепка  >> 0.0
протянуть на один вагон протянуть на один вагон >> 0.0
осадить на шестнадцать вагонов осадить на шестнадцать вагонов >> 0.0
осадить на двенадцать вагонов осадить на двенадцать вагонов >> 0.0
вперед на башмак на башмак >> 0.6666666666666666
протянуть на пятнадцать вагонов протянуть на пятнадцать вагонов >> 0.0
осадить на два вагона осадить на два вагона >> 0.0
захожу в межвагонное пространство захожу вагона пространства >> 0.5
протянуть на двадцать шесть вагонов протянуть на двадцать шесть вагонов >> 0.0
отказ отказ >> 0.0
осадить на шестнадцать вагонов осадить на шестнадцать вагонов >> 0.0
отцепка  >> 0.0
осадить на семь вагонов осадить на семь вагонов >> 0.0
осадить на семнадцать вагонов осадить на семнадцать вагонов >> 0.0
протянуть на двенадцать вагонов протянуть на двенадцать вагонов >> 0.0
осадить на двадцать шесть вагонов осадить на двадцать шесть вагонов >> 0.0
назад с башмака назад башмака >> 0.3333333333333333
осадить на одиннадцать вагонов одиннадцать вагонов >> 0.5
тише тише >> 0.0
отказ отказ >> 0.0
вперед с башмака башмака >> 0.3333333333333333
отпустить отказ >> 1.0
остановка остановка >> 0.0
осадить на двенадцать вагонов осадить на двенадцать вагонов >> 0.0
протянуть на девять вагонов протянуть на девять вагонов >> 0.0
осадить на двадцать семь вагонов осадить на двадцать вагонов >> 0.2
осадить на девять вагонов осадить на девять вагонов >> 0.0
тормозить тормозной >> 1.0
отмена отмена >> 0.0
осадить на тринадцать вагонов осадить на тринадцать вагонов >> 0.0
начать осаживание начать захожу >> 0.5
осадить на восемнадцать вагонов осадить на восемнадцать вагонов >> 0.0
осадить на восемнадцать вагонов осадить на восемнадцать вагонов >> 0.0
протянуть на шесть вагонов протянуть на шесть вагонов >> 0.0
остановка остановка >> 0.0
протянуть на девять вагонов протянуть на девять вагонов >> 0.0
вышел из межвагонного пространства вышел из вагонов пространство >> 0.25
осадить на двенадцать вагонов осадить на двенадцать вагонов >> 0.0
протянуть на два вагона протянуть на два вагона >> 0.0
протянуть на семь вагонов протянуть на семь вагонов >> 0.0
осадить на шестнадцать вагонов шестнадцать вагонов >> 0.5
осадить на семь вагонов осадить на семь вагонов >> 0.0
захожу в межвагонное пространство захожу вагонов пространство >> 0.5
отпустить  >> 0.0
осадить на восемьдесят шесть вагонов осадить на восемь шесть вагонов >> 0.2
вперед с башмака башмака >> 0.3333333333333333
тормозить тормозной >> 1.0
осадить на восемнадцать вагонов осадить на восемнадцать вагонов >> 0.0
вышел из межвагонного пространства вышел из вагона на пространство >> 0.5
осадить на девять вагонов осадить на девять вагонов >> 0.0
протянуть на двадцать семь вагонов протянуть на двадцать семь вагонов >> 0.0
вышел из межвагонного пространства вышел из вагонов пространства >> 0.25
назад с башмака назад башмака >> 0.3333333333333333
вперед на башмак пять на башмак >> 0.3333333333333333
протянуть на четырнадцать вагонов протянуть на четырнадцать вагонов >> 0.0
сжать автосцепки сжать >> 0.0
осадить на один вагон осадить на один вагон >> 0.0
тормозить тормозной >> 1.0
осадить на двадцать девять вагонов девять вагонов >> 0.4
вперед с башмака башмака >> 0.3333333333333333
осадить на восемь вагонов осадить на восемь вагонов >> 0.0
вперед на башмак на башмак >> 0.6666666666666666
продолжаем осаживание продолжаем >> 0.0
назад на башмак назад на башмак >> 0.0
тормозить тормозной >> 1.0
вперед с башмака башмака >> 0.3333333333333333
осадить на десять вагонов осадить на десять вагонов >> 0.0
осадить на четыре вагона осадить на четыре вагона >> 0.0
осадить на одиннадцать вагонов осадить на одиннадцать вагонов >> 0.0
осадить на пятнадцать вагонов на пятнадцать вагонов >> 0.75
протянуть на шестнадцать вагонов протянуть на шестнадцать вагонов >> 0.0
осадить на семнадцать вагонов осадить на семнадцать вагонов >> 0.0
отказ отказ >> 0.0
отмена отмена >> 0.0
протянуть на три вагона протянуть >> 0.0
прекратить зарядку тормозной магистрали зарядку тормозной магистрали >> 0.75
осадить на пять вагонов осадить на пять вагонов >> 0.0
осадить на шестнадцать вагонов осадить на шестнадцать вагонов >> 0.0
протянуть на десять вагонов протянуть на десять вагонов >> 0.0
осадить на четыре вагона осадить на четыре вагона >> 0.0
протянуть на четырнадцать вагонов четыре >> 0.25
отказ отказ >> 0.0
осадить на семнадцать вагонов осадить на семнадцать вагонов >> 0.0
вышел из межвагонного пространства вышел из вагонов пространства >> 0.25
начать осаживание начать >> 0.0
зарядка тормозной магистрали зарядка тормозной магистрали >> 0.0
протянуть на шесть вагонов протянуть на шесть вагонов >> 0.0
захожу в межвагонное пространство захожу пространство >> 0.25
протянуть на тринадцать вагонов протянуть на тринадцать вагонов >> 0.0
отцепка  >> 0.0
вперед на башмак на башмак >> 0.6666666666666666
растянуть автосцепки растянуть >> 0.0
протянуть на восемь вагонов протянуть на восемь вагонов >> 0.0
протянуть на шесть вагонов протянуть на шесть вагонов >> 0.0
осадить на десять вагонов осадить на десять вагонов >> 0.0
протянуть на три вагона протянуть на >> 0.0
вперед на башмак на башмак >> 0.6666666666666666
протянуть на двадцать семь вагонов протянуть на двадцать семь вагонов >> 0.0
отмена отмена >> 0.0
осадить на два вагона осадить на два вагона >> 0.0
прекратить зарядку тормозной магистрали прекратить зарядку тормозной магистрали >> 0.0
осадить на шесть вагонов осадить на шесть вагонов >> 0.0
растянуть автосцепки растянуть >> 0.0
подтверждение подтверждение >> 0.0
продолжаем осаживание продолжаем >> 0.0
вперед на башмак на башмак >> 0.6666666666666666
назад на башмак назад башмак >> 0.3333333333333333
осадить на двадцать восемь вагонов осадить на восемь вагонов >> 0.4
подтверждение подтверждение >> 0.0
осадить на один вагон осадить на один вагон >> 0.0
осадить на шестнадцать вагонов осадить на шестнадцать вагонов >> 0.0
тормозить  >> 0.0
протянуть на двадцать восемь вагонов протянуть на двадцать восемь вагонов >> 0.0
осадить на семь вагонов осадить на семь вагонов >> 0.0
тормозить тормозной >> 1.0
осадить на семь вагонов осадить на семь вагонов >> 0.0
протянуть на двадцать вагонов протянуть на двадцать вагонов >> 0.0
начать осаживание начать >> 0.0
отмена отмена >> 0.0
назад на башмак назад на башмак >> 0.0
осадить на семнадцать вагонов осадить на семнадцать вагонов >> 0.0
отпустить девять >> 1.0
осадить на двадцать восемь вагонов осадить на двадцать вагонов >> 0.2
протянуть на двадцать шесть вагонов протянуть на двадцать вагонов >> 0.2
продолжаем осаживание продолжаем осадить >> 0.5
протянуть на пять вагонов протянуть на пять вагонов >> 0.0
остановка остановка >> 0.0
протянуть на восемнадцать вагонов протянуть на восемнадцать вагонов >> 0.0
отмена отмена >> 0.0
вышел из межвагонного пространства вышел на пространства >> 0.5
осадить на один вагон осадить на один вагон >> 0.0
осадить на шестнадцать вагонов осадить на шестнадцать вагонов >> 0.0
осадить на семнадцать вагонов осадить на семнадцать >> 0.0
протянуть на один вагон протянуть на один вагон >> 0.0
подтверждение подтверждение >> 0.0
отмена отмена >> 0.0
сжать автосцепки сжать >> 0.0
тормозить тормозной >> 1.0
осадить на двенадцать вагонов осадить на двенадцать вагонов >> 0.0
тише тише >> 0.0
сжать автосцепки сжать >> 0.0
осадить на двенадцать вагонов осадить на тринадцать вагонов >> 0.25
осадить на двадцать семь вагонов осадить на двадцать вагонов >> 0.2
осадить на четыре вагона осадить на четыре вагона >> 0.0
осадить на четыре вагона осадить на четыре вагона >> 0.0
осадить на двенадцать вагонов осадить на двенадцать вагонов >> 0.0
осадить на три вагона осадить >> 0.0
отпустить растянуть >> 1.0
осадить на двенадцать вагонов осадить на двенадцать вагонов >> 0.0
прекратить зарядку тормозной магистрали прекратить зарядку тормозной магистрали >> 0.0
захожу в межвагонное пространство захожу вагона пространства >> 0.5
отмена отмена >> 0.0
протянуть на тринадцать вагонов протянуть на тринадцать вагонов >> 0.0
продолжаем роспуск продолжаем роспуск >> 0.0
протянуть на двадцать вагонов протянуть на двадцать вагонов >> 0.0
протянуть на четыре вагона протянуть на четыре вагона >> 0.0
осадить на семь вагонов осадить на семь вагонов >> 0.0
протянуть на семнадцать вагонов протянуть на семнадцать вагонов >> 0.0
осадить на семнадцать вагонов осадить на семнадцать вагонов >> 0.0
отказ  >> 0.0
вышел в межвагонного пространства вышел пространство >> 0.25
осадить на четырнадцать вагонов осадить на четырнадцать вагонов >> 0.0
осадить на три вагона три вагона >> 0.5
протянуть на двенадцать вагонов протянуть на двенадцать вагонов >> 0.0
назад с башмака назад башмака >> 0.3333333333333333
продолжаем роспуск продолжаем роспуск >> 0.0
осадить на пять вагонов осадить на пять вагонов >> 0.0
протянуть на двенадцать вагонов вперед протянуть на двенадцать вагонов >> 0.0
протянуть на восемнадцать вагонов протянуть на восемнадцать вагонов >> 0.0
тормозить тормозной >> 1.0
осадить на восемь вагонов осадить на восемь вагонов >> 0.0
захожу в межвагонное пространство пространства >> 0.25
осадить на два вагона осадить на два вагона >> 0.0
осадить на восемь вагонов осадить на восемь вагонов >> 0.0
начать осаживание начать >> 0.0
остановка  >> 0.0
осадить на девятнадцать вагонов осадить на девятнадцать вагонов >> 0.0
зарядка тормозной магистрали зарядка тормозной магистрали >> 0.0
протянуть на двадцать вагонов вперед протянуть на двадцать вагонов >> 0.0
назад на башмак назад на башмак >> 0.0
осадить на четыре вагона осадить на четыре вагона >> 0.0
осадить на пять вагонов осадить на пять вагонов >> 0.0
вышел из межвагонного пространства вышел из вагонов пространство >> 0.25
осадить на два вагона осадить на два вагона >> 0.0
растянуть автосцепки растянуть >> 0.0
осадить на одиннадцать вагонов осадить на одиннадцать вагонов >> 0.0
протянуть на шестнадцать вагонов протянуть на шестнадцать вагонов >> 0.0
отмена отмена >> 0.0
осадить на десять вагонов осадить на десять вагонов >> 0.0
осадить на десять вагонов осадить на десять вагонов >> 0.0
осадить на восемь вагонов осадить на восемь вагонов >> 0.0
сжать автосцепки сжать >> 0.0
протянуть на три вагона протянуть на три вагона >> 0.0
протянуть на двадцать семь вагонов протянуть на двадцать семь вагонов >> 0.0
вперед с башмака башмака >> 0.3333333333333333
осадить на восемнадцать вагонов осадить на восемнадцать вагонов >> 0.0
прекратить зарядку тормозной магистрали зарядку тормозной >> 0.5
назад на башмак назад на башмак >> 0.0
сжать автосцепки сжать >> 0.0
протянуть на девять вагонов протянуть на девять вагонов >> 0.0
протянуть на одиннадцать вагонов протянуть на одиннадцать вагонов >> 0.0
протянуть на двадцать семь вагонов протянуть на двадцать семь вагонов >> 0.0
осадить на восемьдесят два вагона осадить на восемь вагонов >> 0.4
назад на башмак  >> 0.0
протянуть на двадцать восемь вагонов протянуть на два вагона >> 0.4
отпустить растянуть >> 1.0
отцепка  >> 0.0
осадить на один вагон осадить на один вагон >> 0.0
осадить на три вагона осадить на три вагона >> 0.0
отказ отказ >> 0.0
остановка остановка >> 0.0
осадить на два вагона осадить на два вагона >> 0.0
назад с башмака башмака >> 0.3333333333333333
осадить на три вагона осадить на три вагона >> 0.0
протянуть на двенадцать вагонов протянуть на двенадцать вагонов >> 0.0
сжать автосцепки сжать отказ >> 0.5
осадить на шестнадцать вагонов осадить на шестнадцать вагонов >> 0.0
тише тише >> 0.0
осадить на восемь вагонов осадить на восемь вагонов >> 0.0
протянуть на пять вагонов протянуть на пять вагонов >> 0.0
осадить на двадцать пять вагонов на двадцать пять вагонов >> 0.8
осадить на двадцать вагонов осадить на отмена >> 0.25
прекратить зарядку тормозной магистрали зарядка тормозной магистрали >> 0.75
осадить на один вагон осадить на один вагон >> 0.0
тормозить тормозной >> 1.0
продолжаем роспуск продолжаем роспуск >> 0.0
продолжаем осаживание продолжаем >> 0.0
зарядка тормозной магистрали зарядка тормозной магистрали >> 0.0
отцепка  >> 0.0
протянуть на двадцать восемь вагонов протянуть на двадцать вагонов >> 0.2
захожу в межвагонное пространство захожу на пространства >> 0.5
осадить на пять вагонов осадить на пять вагонов >> 0.0
протянуть на шесть вагонов протянуть на шесть вагонов >> 0.0
осадить на четыре вагона осадить на четыре вагона >> 0.0
осадить на пятнадцать вагонов осадить на пятнадцать вагонов >> 0.0
захожу в межвагонное пространство захожу вагона пространство >> 0.5
вперед на башмак на башмак >> 0.6666666666666666
протянуть на один вагон протянуть на один вагон >> 0.0
отцепка  >> 0.0
осадить на десять вагонов осадить на десять вагонов >> 0.0
остановка остановка >> 0.0
тормозить тормозной >> 1.0
прекратить зарядку тормозной магистрали прекратить зарядку тормозной магистрали >> 0.0
протянуть на двадцать семь вагонов протянуть на двадцать семь вагонов >> 0.0
тише десять >> 1.0
остановка остановка >> 0.0
протянуть на шестнадцать вагонов протянуть на шестнадцать вагонов >> 0.0
захожу в межвагонное пространство  >> 0.0
осадить на четыре вагона осадить на четыре вагона >> 0.0
подтверждение подтверждение >> 0.0
осадить на семнадцать вагонов осадить на семнадцать вагонов >> 0.0
отказ отказ >> 0.0
начать осаживание начать осадить >> 0.5
осадить на десять вагонов осадить на десять вагонов >> 0.0
протянуть на восемь вагонов протянуть на восемь вагонов >> 0.0
вышел из межвагонного пространства вышел пространство >> 0.25
осадить на три вагона осадить на три вагона >> 0.0
протянуть на семь вагонов протянуть на семь вагонов >> 0.0
осадить на двадцать два вагона осадить на двадцать вагонов >> 0.2
протянуть на десять вагонов протянуть на десять вагонов >> 0.0
осадить на четыре вагона осадить на четыре вагона >> 0.0
протянуть на двенадцать вагонов протянуть на двенадцать вагонов >> 0.0
отпустить  >> 0.0
протянуть на десять вагонов протянуть на десять вагонов >> 0.0
протянуть на двадцать шесть вагонов протянуть на два >> 0.2
осадить на двадцать семь вагонов осадить на двадцать семь вагонов >> 0.0
отказ отказ >> 0.0
осадить на десять вагонов осадить на десять вагонов >> 0.0
вперед с башмака башмака >> 0.3333333333333333
вперед на башмак на башмак >> 0.6666666666666666
начать осаживание начать осадить >> 0.5
начать осаживание начать >> 0.0
продолжаем роспуск  >> 0.0
осадить на семь вагонов осадить на семь вагонов >> 0.0
вперед на башмак на башмак >> 0.6666666666666666
протянуть на пять вагонов протянуть на пять вагонов >> 0.0
вышел из межвагонного пространства вышел вагонов пространства >> 0.5
продолжаем роспуск продолжаем роспуск >> 0.0
осадить на десять вагонов осадить на десять вагонов >> 0.0
осадить на шесть вагонов осадить на шесть вагонов >> 0.0
тормозить тормозной >> 1.0
продолжаем роспуск продолжаем роспуск >> 0.0
подтверждение  >> 0.0
осадить на четыре вагона осадить на четыре вагона >> 0.0
остановка остановка >> 0.0
осадить на двенадцать вагонов осадить на двенадцать вагонов >> 0.0
остановка остановка >> 0.0
назад с башмака назад башмака >> 0.3333333333333333
осадить на три вагона осадить на три вагона >> 0.0
прекратить зарядку тормозной магистрали прекратить зарядку тормозной магистрали >> 0.0
отцепка  >> 0.0
осадить на тринадцать вагонов осадить на тринадцать вагонов >> 0.0
вперед на башмак на башмак >> 0.6666666666666666
зарядка тормозной магистрали зарядка тормозной магистрали >> 0.0
вперед на башмак на башмак >> 0.6666666666666666
осадить на двадцать вагонов осадить на двадцать вагонов >> 0.0
продолжаем роспуск продолжаем роспуск >> 0.0
осадить на тринадцать вагонов осадить на тринадцать вагонов >> 0.0
продолжаем осаживание продолжаем осадить >> 0.5
осадить на двадцать восемь вагонов осадить на двадцать вагонов >> 0.2
отмена  >> 0.0
осадить на пять вагонов осадить на пять вагонов >> 0.0
протянуть на восемнадцать вагонов протянуть на восемнадцать вагонов >> 0.0
осадить на восемь вагонов осадить на восемь вагонов >> 0.0
подтверждение подтверждение >> 0.0
осадить на двенадцать вагонов осадить на двенадцать вагонов >> 0.0
назад на башмак назад на башмак >> 0.0
остановка остановка >> 0.0
протянуть на десять вагонов протянуть на десять вагонов >> 0.0
вперед на башмак башмак >> 0.3333333333333333
осадить на тринадцать вагонов осадить на тринадцать вагонов >> 0.0
осадить на десять вагонов осадить на десять вагонов >> 0.0
тише  >> 0.0
отказ отказ >> 0.0
отмена отмена >> 0.0
отцепка  >> 0.0
осадить на двенадцать вагонов осадить на двенадцать вагонов >> 0.0
протянуть на два вагона протянуть на два вагона >> 0.0
отмена отмена >> 0.0
вперед с башмака башмака >> 0.3333333333333333
вышел из межвагонного пространства пространство >> 0.25
тормозить тормозной >> 1.0
продолжаем осаживание продолжаем >> 0.0
отмена отмена >> 0.0
протянуть на тринадцать вагонов  >> 0.0
подтверждение подтверждение >> 0.0
протянуть на семнадцать вагонов протянуть на семнадцать вагонов >> 0.0
осадить на пять вагонов осадить на пять вагонов >> 0.0
протянуть на четыре вагона протянуть на четыре вагона >> 0.0
прекратить зарядку тормозной магистрали прекратить зарядку тормозной магистрали >> 0.0
протянуть на семь вагонов протянуть на семь вагонов >> 0.0
растянуть автосцепки растянуть >> 0.0
отказ отказ >> 0.0
протянуть на двадцать семь вагонов протянуть на двадцать семь вагонов >> 0.0
осадить на два вагона осадить на два вагона >> 0.0
тормозить тормозной >> 1.0
сжать автосцепки  >> 0.0
осадить на девятнадцать вагонов осадить на девятнадцать вагонов >> 0.0
зарядка тормозной магистрали зарядка тормозной магистрали >> 0.0
протянуть на два вагона протянуть на два вагона >> 0.0
протянуть на три вагона протянуть на три вагона >> 0.0
остановка остановка >> 0.0
вперед с башмака башмака >> 0.3333333333333333
отмена отмена >> 0.0
осадить на восемьдесят один вагон осадить на восемь один вагон >> 0.2
назад с башмака назад башмака >> 0.3333333333333333
осадить на восемьдесят пять вагонов осадить на восемь пять вагонов >> 0.2
осадить на двенадцать вагонов осадить на двенадцать вагонов >> 0.0
тише тише >> 0.0
назад на башмак назад на башмак >> 0.0
захожу в межвагонное пространство захожу пространства >> 0.25
вперед с башмака башмака >> 0.3333333333333333
вышел из межвагонного пространства вагонов пространство >> 0.5
осадить на двадцать вагонов  >> 0.0
остановка остановка >> 0.0
начать осаживание начать осадить >> 0.5
вперед с башмака башмака >> 0.3333333333333333
прекратить зарядку тормозной магистрали прекратить зарядку тормозной магистрали >> 0.0
прекратить зарядку тормозной магистрали прекратить зарядку тормозной магистрали >> 0.0
осадить на тринадцать вагонов осадить на тринадцать вагонов >> 0.0
остановка остановка >> 0.0
протянуть на тринадцать вагонов протянуть на тринадцать вагонов >> 0.0
назад с башмака назад башмака >> 0.3333333333333333
вперед с башмака башмака >> 0.3333333333333333
остановка остановка >> 0.0
осадить на одиннадцать вагонов осадить на одиннадцать вагонов >> 0.0
осадить на четырнадцать вагонов осадить на четырнадцать вагонов >> 0.0
осадить на четыре вагона осадить на четыре вагона >> 0.0
начать осаживание начать >> 0.0
осадить на семь вагон на семь вагон >> 0.75
осадить на два вагона осадить на два вагона >> 0.0
осадить на два вагона осадить на два вагона >> 0.0
вышел из межвагонного пространства вышел пространство >> 0.25
вперед на башмак на башмак >> 0.6666666666666666
назад с башмака назад башмак >> 0.3333333333333333
осадить на восемьдесят четыре вагона осадить на восемь четыре вагона >> 0.2
протянуть на семнадцать вагонов протянуть на семнадцать вагонов >> 0.0
продолжаем осаживание продолжаем осадить >> 0.5
протянуть на пятнадцать вагонов протянуть на пятнадцать вагонов >> 0.0
осадить на семь вагонов осадить на семь вагонов >> 0.0
осадить на двадцать вагонов осадить на двадцать вагонов >> 0.0
назад на башмак назад на башмак >> 0.0
протянуть на пятнадцать вагонов протянуть на вагон >> 0.25
осадить на три вагона осадить на три вагона >> 0.0
остановка остановка >> 0.0
осадить на пятнадцать вагонов осадить на пятнадцать вагонов >> 0.0
осадить на шесть вагонов осадить на шесть вагонов >> 0.0
осадить на двадцать семь вагонов осадить на два вагона >> 0.4
осадить на восемнадцать вагонов осадить на восемнадцать вагонов >> 0.0
тише тише >> 0.0
осадить на девять вагонов осадить на девять вагонов >> 0.0
осадить на четырнадцать вагонов осадить на четырнадцать вагонов >> 0.0
отцепка  >> 0.0
вперед на башмак на башмак >> 0.6666666666666666
отпустить растянуть >> 1.0
отказ отказ >> 0.0
осадить на девять вагонов осадить на девять вагонов >> 0.0
отцепка  >> 0.0
осадить на шесть вагонов осадить на шесть вагонов >> 0.0
осадить на восемь вагонов осадить на восемь вагонов >> 0.0
остановка остановка >> 0.0
сжать автосцепки сжать >> 0.0
отмена отмена >> 0.0
назад с башмака назад башмака >> 0.3333333333333333
осадить на пятнадцать вагонов осадить на пятнадцать вагонов >> 0.0
протянуть на девять вагонов протянуть на девять вагонов >> 0.0
протянуть на шестнадцать вагонов протянуть на шестнадцать вагонов >> 0.0
захожу в межвагонное пространство захожу вагон на пространства >> 0.5
захожу в межвагонное пространство захожу пространства >> 0.25
осадить на одиннадцать вагонов осадить на одиннадцать вагонов >> 0.0
осадить на девятнадцать вагонов осадить на девятнадцать вагонов >> 0.0
подтверждение подтверждение >> 0.0
осадить на шесть вагонов осадить на шесть вагонов >> 0.0
протянуть на четырнадцать вагонов протянуть на четырнадцать вагонов >> 0.0
протянуть на пять вагонов протянуть на пять вагонов >> 0.0
назад на башмак на башмак >> 0.6666666666666666
назад с башмака назад башмака >> 0.3333333333333333
отцепка  >> 0.0
остановка остановка >> 0.0
протянуть на девятнадцать вагонов протянуть на девятнадцать вагонов >> 0.0
отпустить растянуть >> 1.0
осадить на восемьдесят два вагона осадить на два вагона >> 0.4
отцепка  >> 0.0
отпустить два >> 1.0
подтверждение  >> 0.0
осадить на четырнадцать вагонов осадить на четырнадцать вагонов >> 0.0
продолжаем осаживание продолжаем >> 0.0
протянуть на шестнадцать вагонов протянуть на шестнадцать вагонов >> 0.0
осадить на двадцать семь вагонов осадить на двадцать семь вагонов >> 0.0
осадить на двадцать восемь вагонов осадить на двадцать восемь вагонов >> 0.0
осадить на двадцать шесть вагонов осадить на двадцать шесть вагонов >> 0.0
продолжаем осаживание продолжаем >> 0.0
протянуть на девять вагонов протянуть вагонов >> 0.25
осадить на двенадцать вагонов осадить на двенадцать вагонов >> 0.0
вперед на башмак башмак >> 0.3333333333333333
осадить на восемнадцать вагонов осадить на восемнадцать вагонов >> 0.0
прекратить зарядку тормозной магистрали прекратить зарядку тормозной магистрали >> 0.0
протянуть на шесть вагонов протянуть на шесть вагонов >> 0.0
осадить на десять вагонов осадить на десять вагонов >> 0.0
протянуть на шесть вагонов на шесть вагонов >> 0.75
тише тише >> 0.0
протянуть на двадцать шесть вагонов протянуть на двадцать шесть вагонов >> 0.0
начать осаживание начать >> 0.0
прекратить зарядку тормозной магистрали прекратить зарядку тормозной магистрали >> 0.0
назад на башмак назад на башмак >> 0.0
отмена отмена >> 0.0
вперед на башмак на башмак >> 0.6666666666666666
протянуть на три вагона протянуть на три >> 0.0
сжать автосцепки сжать >> 0.0
осадить на девять вагонов осадить на девять вагонов >> 0.0
остановка остановка >> 0.0
назад с башмака назад башмака >> 0.3333333333333333
прекратить зарядку тормозной магистрали прекратить зарядку тормозной магистрали >> 0.0
осадить на восемьдесят шесть вагонов осадить на восемь шесть вагонов >> 0.2
вперед с башмака зарядку башмака >> 0.6666666666666666
отцепка  >> 0.0
осадить на двадцать шесть вагонов осадить на два пятнадцать вагонов >> 0.4
растянуть автосцепки растянуть >> 0.0
осадить на пятнадцать вагонов осадить на пятнадцать вагонов >> 0.0
протянуть на десять вагонов протянуть на десять вагонов >> 0.0
осадить на двадцать один вагонов двадцать вагонов >> 0.4
протянуть на одиннадцать вагонов протянуть на одиннадцать вагонов >> 0.0
начать осаживание начать захожу >> 0.5
протянуть на пять вагонов протянуть на пять вагонов >> 0.0
осадить на два вагона осадить на два вагона >> 0.0
осадить на двадцать вагонов осадить на двадцать вагонов >> 0.0
назад с башмака назад башмака >> 0.3333333333333333
протянуть на тринадцать вагонов протянуть на тринадцать вагонов >> 0.0
протянуть на девятнадцать вагонов протянуть на девятнадцать вагонов >> 0.0
вперед с башмака башмака >> 0.3333333333333333
осадить на пятнадцать вагонов осадить на пятнадцать вагонов >> 0.0
осадить на двадцать восемь вагонов осадить на двадцать восемь вагонов >> 0.0
захожу в межвагонное пространство захожу пространство >> 0.25
протянуть на три вагона  >> 0.0
остановка остановка >> 0.0
осадить на два вагона осадить на два вагона >> 0.0
тише тише >> 0.0
протянуть на пятнадцать вагонов протянуть на пятнадцать вагонов >> 0.0
вперед на башмак пять на башмак >> 0.3333333333333333
назад на башмак назад на башмак >> 0.0
назад с башмака  >> 0.0
осадить на семь вагонов осадить на семь вагонов >> 0.0
протянуть на четыре вагона протянуть на четыре вагона >> 0.0
вышел из межвагонного пространства вышел из вагонов пространства >> 0.25
вышел из межвагонного пространства вышел отмена вагонов пространство >> 0.5
тормозить тормозной >> 1.0
назад на башмак назад на башмак >> 0.0
вперед на башмак башмак >> 0.3333333333333333
осадить на двенадцать вагонов осадить на двенадцать вагонов >> 0.0
протянуть на четыре вагона протянуть на четыре вагона >> 0.0
вышел из межвагонного пространства вышел вагонов пространство >> 0.5
протянуть на восемнадцать вагонов протянуть на восемнадцать вагонов >> 0.0
растянуть автосцепки растянуть >> 0.0
осадить на двадцать шесть вагонов осадить на двадцать шесть вагонов >> 0.0
протянуть на двадцать восемь вагонов протянуть на двадцать восемь вагонов >> 0.0
растянуть автосцепки растянуть >> 0.0
продолжаем осаживание  >> 0.0
вперед на башмак на башмак >> 0.6666666666666666
осадить на восемьдесят три вагона осадить на восемь из три вагона >> 0.6
осадить на двадцать пять вагонов осадить на двадцать пять вагонов >> 0.0
тормозить тормозной >> 1.0
осадить на пятнадцать вагонов осадить на пятнадцать вагонов >> 0.0
протянуть на восемь вагонов протянуть на восемь вагонов >> 0.0
вышел из межвагонного пространства вышел вагонов пространство >> 0.5
протянуть на один вагон протянуть на один вагон >> 0.0
вперед на башмак на башмак >> 0.6666666666666666
протянуть на два вагона протянуть на два вагона >> 0.0
остановка остановка >> 0.0
осадить на семнадцать вагонов осадить на семнадцать вагонов >> 0.0
протянуть на шестнадцать вагонов протянуть на шестнадцать вагонов >> 0.0
протянуть на двадцать восемь вагонов протянуть на двадцать восемь вагонов >> 0.0
осадить на три вагона осадить на три вагона >> 0.0
осадить на семнадцать вагонов осадить на семнадцать вагонов >> 0.0
осадить на шестнадцать вагонов осадить на шестнадцать вагонов >> 0.0
протянуть на пять вагонов протянуть на пять вагонов >> 0.0
осадить на девятнадцать вагонов осадить на девятнадцать вагонов >> 0.0
подтверждение подтверждение >> 0.0
тормозить тормозной >> 1.0
отказ отказ >> 0.0
назад на башмак назад на башмак >> 0.0
осадить на двадцать восемь вагонов осадить вагона >> 0.2
осадить на девять вагонов осадить на девять вагонов >> 0.0
осадить на двенадцать вагонов осадить на двенадцать вагонов >> 0.0
сжать автосцепки сжать >> 0.0
тормозить тормозной >> 1.0
протянуть на двадцать семь вагонов протянуть на двадцать вагонов >> 0.2
протянуть на пятнадцать вагонов протянуть на >> 0.0
осадить на шесть вагонов осадить на шесть вагонов >> 0.0
остановка остановка >> 0.0
вышел из межвагонного пространства вышел из вагонов пространство >> 0.25
вышел из межвагонного пространства вышел пространство >> 0.25
протянуть на восемнадцать вагонов протянуть на восемнадцать вагонов >> 0.0
протянуть на два вагона протянуть на два вагона >> 0.0
протянуть на двадцать шесть вагонов два шесть вагон >> 0.6
осадить на девятнадцать вагонов осадить на девятнадцать вагонов >> 0.0
осадить на двадцать восемь вагонов осадить назад на два >> 0.6
тише десять >> 1.0
осадить на двадцать семь вагонов осадить на двадцать вагонов >> 0.2
осадить на семнадцать вагонов осадить на семнадцать вагонов >> 0.0
сжать автосцепки сжать >> 0.0
отказ отказ >> 0.0
отпустить растянуть >> 1.0
подтверждение подтверждение >> 0.0
тише тише >> 0.0
протянуть на девять вагонов протянуть на девять вагонов >> 0.0
сжать автосцепки сжать >> 0.0
назад на башмак назад на башмак >> 0.0
назад на башмак назад на башмак >> 0.0
захожу в межвагонное пространство захожу на пространства >> 0.5
отпустить  >> 0.0
осадить на три вагона осадить на три вагона >> 0.0
отцепка  >> 0.0
отказ отказ >> 0.0
отказ отказ >> 0.0
осадить на восемьдесят девять вагонов осадить на восемь из девять вагонов >> 0.6
протянуть на двенадцать вагонов протянуть на двенадцать вагонов >> 0.0
осадить на восемь вагонов осадить на восемь вагонов >> 0.0
остановка остановка >> 0.0
протянуть на девять вагонов протянуть на девять вагонов >> 0.0
осадить на шестнадцать вагонов осадить на шестнадцать вагонов >> 0.0
растянуть автосцепки растянуть >> 0.0
протянуть на девятнадцать вагонов протянуть на девятнадцать вагонов >> 0.0
вперед на башмак на башмак >> 0.6666666666666666
захожу в межвагонное пространство захожу вагона пространства >> 0.5
протянуть на восемнадцать вагонов протянуть на восемнадцать вагонов >> 0.0
осадить на десять вагонов осадить на десять вагонов >> 0.0
осадить на восемнадцать вагонов осадить на восемнадцать вагонов >> 0.0
начать осаживание начать >> 0.0
протянуть на два вагона протянуть на два вагона >> 0.0
